<?xml version="1.0" encoding="UTF-8"?>
<testng-results ignored="0" total="2" passed="1" failed="1" skipped="0">
  <reporter-output>
  </reporter-output>
  <suite started-at="2023-05-24T15:22:27 IST" name="resolute Suite" finished-at="2023-05-24T15:23:54 IST" duration-ms="86813">
    <groups>
    </groups>
    <test started-at="2023-05-24T15:22:27 IST" name="Test" finished-at="2023-05-24T15:23:54 IST" duration-ms="86813">
      <class name="resolute.com.TestLayer.LoginTest">
        <test-method is-config="true" signature="start()[pri:0, instance:resolute.com.TestLayer.LoginTest@36bc55de]" started-at="2023-05-24T15:22:27 IST" name="start" finished-at="2023-05-24T15:22:27 IST" duration-ms="396" status="PASS">
          <reporter-output>
          </reporter-output>
        </test-method> <!-- start -->
        <test-method is-config="true" signature="setBrowser(java.lang.String)[pri:0, instance:resolute.com.TestLayer.LoginTest@36bc55de]" started-at="2023-05-24T15:22:28 IST" name="setBrowser" finished-at="2023-05-24T15:22:35 IST" duration-ms="7761" status="PASS">
          <params>
            <param index="0">
              <value>
                <![CDATA[Chrome]]>
              </value>
            </param>
          </params>
          <reporter-output>
          </reporter-output>
        </test-method> <!-- setBrowser -->
        <test-method signature="verifyLogin()[pri:0, instance:resolute.com.TestLayer.LoginTest@36bc55de]" started-at="2023-05-24T15:22:35 IST" name="verifyLogin" finished-at="2023-05-24T15:22:42 IST" duration-ms="6460" status="PASS">
          <reporter-output>
          </reporter-output>
        </test-method> <!-- verifyLogin -->
        <test-method is-config="true" signature="tearDown()[pri:0, instance:resolute.com.TestLayer.LoginTest@36bc55de]" started-at="2023-05-24T15:22:42 IST" name="tearDown" finished-at="2023-05-24T15:22:42 IST" duration-ms="429" status="PASS">
          <reporter-output>
          </reporter-output>
        </test-method> <!-- tearDown -->
        <test-method is-config="true" signature="stop()[pri:0, instance:resolute.com.TestLayer.LoginTest@36bc55de]" started-at="2023-05-24T15:22:42 IST" name="stop" finished-at="2023-05-24T15:22:42 IST" duration-ms="3" status="PASS">
          <reporter-output>
          </reporter-output>
        </test-method> <!-- stop -->
      </class> <!-- resolute.com.TestLayer.LoginTest -->
      <class name="resolute.com.TestLayer.Dashboard_Test">
        <test-method is-config="true" signature="start()[pri:0, instance:resolute.com.TestLayer.Dashboard_Test@74fe5c40]" started-at="2023-05-24T15:22:42 IST" name="start" finished-at="2023-05-24T15:22:42 IST" duration-ms="4" status="PASS">
          <reporter-output>
          </reporter-output>
        </test-method> <!-- start -->
        <test-method is-config="true" signature="setBrowser(java.lang.String)[pri:0, instance:resolute.com.TestLayer.Dashboard_Test@74fe5c40]" started-at="2023-05-24T15:22:42 IST" name="setBrowser" finished-at="2023-05-24T15:22:45 IST" duration-ms="2988" status="PASS">
          <params>
            <param index="0">
              <value>
                <![CDATA[Chrome]]>
              </value>
            </param>
          </params>
          <reporter-output>
          </reporter-output>
        </test-method> <!-- setBrowser -->
        <test-method signature="Dashboard()[pri:0, instance:resolute.com.TestLayer.Dashboard_Test@74fe5c40]" started-at="2023-05-24T15:22:45 IST" name="Dashboard" finished-at="2023-05-24T15:23:53 IST" duration-ms="68037" status="FAIL">
          <exception class="org.openqa.selenium.ElementClickInterceptedException">
            <message>
              <![CDATA[element click intercepted: Element <span class="MuiTypography-root MuiTypography-body1 MuiListItemText-primary css-znl8sb">...</span> is not clickable at point (159, 571). Other element would receive the click: <img src="/static/media/resoluteailogo.5deeff24a5f3c52536c1.png" style="width: 80%;">
  (Session info: chrome=113.0.5672.127)
Build info: version: '4.9.1', revision: 'eb2032df7f'
System info: os.name: 'Windows 11', os.arch: 'amd64', os.version: '10.0', java.version: '17.0.2'
Driver info: org.openqa.selenium.chrome.ChromeDriver
Command: [48f90c9fc70521c73ae06bcfa6506b0b, clickElement {id=B9104BD9EE063BAE683ED808B631E6EF_element_46}]
Capabilities {acceptInsecureCerts: false, browserName: chrome, browserVersion: 113.0.5672.127, chrome: {chromedriverVersion: 113.0.5672.63 (0e1a4471d5ae..., userDataDir: C:\Users\rites\AppData\Loca...}, goog:chromeOptions: {debuggerAddress: localhost:57288}, networkConnectionEnabled: false, pageLoadStrategy: normal, platformName: windows, proxy: Proxy(), se:cdp: ws://localhost:57288/devtoo..., se:cdpVersion: 113.0.5672.127, setWindowRect: true, strictFileInteractability: false, timeouts: {implicit: 0, pageLoad: 300000, script: 30000}, unhandledPromptBehavior: dismiss and notify, webauthn:extension:credBlob: true, webauthn:extension:largeBlob: true, webauthn:extension:minPinLength: true, webauthn:extension:prf: true, webauthn:virtualAuthenticators: true}
Element: [[ChromeDriver: chrome on windows (48f90c9fc70521c73ae06bcfa6506b0b)] -> xpath: //span[text()='Log Out']]
Session ID: 48f90c9fc70521c73ae06bcfa6506b0b]]>
            </message>
            <full-stacktrace>
              <![CDATA[org.openqa.selenium.ElementClickInterceptedException: element click intercepted: Element <span class="MuiTypography-root MuiTypography-body1 MuiListItemText-primary css-znl8sb">...</span> is not clickable at point (159, 571). Other element would receive the click: <img src="/static/media/resoluteailogo.5deeff24a5f3c52536c1.png" style="width: 80%;">
  (Session info: chrome=113.0.5672.127)
Build info: version: '4.9.1', revision: 'eb2032df7f'
System info: os.name: 'Windows 11', os.arch: 'amd64', os.version: '10.0', java.version: '17.0.2'
Driver info: org.openqa.selenium.chrome.ChromeDriver
Command: [48f90c9fc70521c73ae06bcfa6506b0b, clickElement {id=B9104BD9EE063BAE683ED808B631E6EF_element_46}]
Capabilities {acceptInsecureCerts: false, browserName: chrome, browserVersion: 113.0.5672.127, chrome: {chromedriverVersion: 113.0.5672.63 (0e1a4471d5ae..., userDataDir: C:\Users\rites\AppData\Loca...}, goog:chromeOptions: {debuggerAddress: localhost:57288}, networkConnectionEnabled: false, pageLoadStrategy: normal, platformName: windows, proxy: Proxy(), se:cdp: ws://localhost:57288/devtoo..., se:cdpVersion: 113.0.5672.127, setWindowRect: true, strictFileInteractability: false, timeouts: {implicit: 0, pageLoad: 300000, script: 30000}, unhandledPromptBehavior: dismiss and notify, webauthn:extension:credBlob: true, webauthn:extension:largeBlob: true, webauthn:extension:minPinLength: true, webauthn:extension:prf: true, webauthn:virtualAuthenticators: true}
Element: [[ChromeDriver: chrome on windows (48f90c9fc70521c73ae06bcfa6506b0b)] -> xpath: //span[text()='Log Out']]
Session ID: 48f90c9fc70521c73ae06bcfa6506b0b
at java.base/jdk.internal.reflect.NativeConstructorAccessorImpl.newInstance0(Native Method)
at java.base/jdk.internal.reflect.NativeConstructorAccessorImpl.newInstance(NativeConstructorAccessorImpl.java:77)
at java.base/jdk.internal.reflect.DelegatingConstructorAccessorImpl.newInstance(DelegatingConstructorAccessorImpl.java:45)
at java.base/java.lang.reflect.Constructor.newInstanceWithCaller(Constructor.java:499)
at java.base/java.lang.reflect.Constructor.newInstance(Constructor.java:480)
at org.openqa.selenium.remote.codec.w3c.W3CHttpResponseCodec.createException(W3CHttpResponseCodec.java:200)
at org.openqa.selenium.remote.codec.w3c.W3CHttpResponseCodec.decode(W3CHttpResponseCodec.java:133)
at org.openqa.selenium.remote.codec.w3c.W3CHttpResponseCodec.decode(W3CHttpResponseCodec.java:53)
at org.openqa.selenium.remote.HttpCommandExecutor.execute(HttpCommandExecutor.java:193)
at org.openqa.selenium.remote.service.DriverCommandExecutor.invokeExecute(DriverCommandExecutor.java:183)
at org.openqa.selenium.remote.service.DriverCommandExecutor.execute(DriverCommandExecutor.java:158)
at org.openqa.selenium.remote.RemoteWebDriver.execute(RemoteWebDriver.java:543)
at org.openqa.selenium.remote.RemoteWebElement.execute(RemoteWebElement.java:257)
at org.openqa.selenium.remote.RemoteWebElement.click(RemoteWebElement.java:78)
at java.base/jdk.internal.reflect.NativeMethodAccessorImpl.invoke0(Native Method)
at java.base/jdk.internal.reflect.NativeMethodAccessorImpl.invoke(NativeMethodAccessorImpl.java:77)
at java.base/jdk.internal.reflect.DelegatingMethodAccessorImpl.invoke(DelegatingMethodAccessorImpl.java:43)
at java.base/java.lang.reflect.Method.invoke(Method.java:568)
at org.openqa.selenium.support.pagefactory.internal.LocatingElementHandler.invoke(LocatingElementHandler.java:52)
at jdk.proxy2/jdk.proxy2.$Proxy20.click(Unknown Source)
at resolute.com.PageLayer.DashboardPage.clickOnLogout(DashboardPage.java:40)
at resolute.com.TestLayer.Dashboard_Test.Dashboard(Dashboard_Test.java:33)
at java.base/jdk.internal.reflect.NativeMethodAccessorImpl.invoke0(Native Method)
at java.base/jdk.internal.reflect.NativeMethodAccessorImpl.invoke(NativeMethodAccessorImpl.java:77)
at java.base/jdk.internal.reflect.DelegatingMethodAccessorImpl.invoke(DelegatingMethodAccessorImpl.java:43)
at java.base/java.lang.reflect.Method.invoke(Method.java:568)
at org.testng.internal.MethodInvocationHelper.invokeMethod(MethodInvocationHelper.java:133)
at org.testng.internal.TestInvoker.invokeMethod(TestInvoker.java:598)
at org.testng.internal.TestInvoker.invokeTestMethod(TestInvoker.java:173)
at org.testng.internal.MethodRunner.runInSequence(MethodRunner.java:46)
at org.testng.internal.TestInvoker$MethodInvocationAgent.invoke(TestInvoker.java:824)
at org.testng.internal.TestInvoker.invokeTestMethods(TestInvoker.java:146)
at org.testng.internal.TestMethodWorker.invokeTestMethods(TestMethodWorker.java:146)
at org.testng.internal.TestMethodWorker.run(TestMethodWorker.java:128)
at java.base/java.util.ArrayList.forEach(ArrayList.java:1511)
at org.testng.TestRunner.privateRun(TestRunner.java:794)
at org.testng.TestRunner.run(TestRunner.java:596)
at org.testng.SuiteRunner.runTest(SuiteRunner.java:377)
at org.testng.SuiteRunner.runSequentially(SuiteRunner.java:371)
at org.testng.SuiteRunner.privateRun(SuiteRunner.java:332)
at org.testng.SuiteRunner.run(SuiteRunner.java:276)
at org.testng.SuiteRunnerWorker.runSuite(SuiteRunnerWorker.java:53)
at org.testng.SuiteRunnerWorker.run(SuiteRunnerWorker.java:96)
at org.testng.TestNG.runSuitesSequentially(TestNG.java:1212)
at org.testng.TestNG.runSuitesLocally(TestNG.java:1134)
at org.testng.TestNG.runSuites(TestNG.java:1063)
at org.testng.TestNG.run(TestNG.java:1031)
at org.testng.remote.AbstractRemoteTestNG.run(AbstractRemoteTestNG.java:115)
at org.testng.remote.RemoteTestNG.initAndRun(RemoteTestNG.java:251)
at org.testng.remote.RemoteTestNG.main(RemoteTestNG.java:77)
]]>
            </full-stacktrace>
          </exception> <!-- org.openqa.selenium.ElementClickInterceptedException -->
          <reporter-output>
          </reporter-output>
        </test-method> <!-- Dashboard -->
        <test-method is-config="true" signature="tearDown()[pri:0, instance:resolute.com.TestLayer.Dashboard_Test@74fe5c40]" started-at="2023-05-24T15:23:53 IST" name="tearDown" finished-at="2023-05-24T15:23:54 IST" duration-ms="439" status="PASS">
          <reporter-output>
          </reporter-output>
        </test-method> <!-- tearDown -->
        <test-method is-config="true" signature="stop()[pri:0, instance:resolute.com.TestLayer.Dashboard_Test@74fe5c40]" started-at="2023-05-24T15:23:54 IST" name="stop" finished-at="2023-05-24T15:23:54 IST" duration-ms="1" status="PASS">
          <reporter-output>
          </reporter-output>
        </test-method> <!-- stop -->
      </class> <!-- resolute.com.TestLayer.Dashboard_Test -->
    </test> <!-- Test -->
  </suite> <!-- resolute Suite -->
</testng-results>
